<?xml version="1.0" encoding="UTF-8"?>
<testsuite xmlns:xsi="http://www.w3.org/2001/XMLSchema-instance" xsi:noNamespaceSchemaLocation="https://maven.apache.org/surefire/maven-surefire-plugin/xsd/surefire-test-report.xsd" version="3.0.2" name="com.backend.employee.EmployeeApplicationTests" time="14.464" tests="1" errors="0" skipped="0" failures="0">
  <properties>
[...]
</properties>
  <testcase name="contextLoads" classname="com.backend.employee.EmployeeApplicationTests" time="0.854">
    <system-out><![CDATA[17:14:44.917 [main] INFO org.springframework.test.context.support.AnnotationConfigContextLoaderUtils -- Could not detect default configuration classes for test class [com.backend.employee.EmployeeApplicationTests]: EmployeeApplicationTests does not declare any static, non-private, non-final, nested classes annotated with @Configuration.
17:14:45.155 [main] INFO org.springframework.boot.test.context.SpringBootTestContextBootstrapper -- Found @SpringBootConfiguration com.backend.employee.EmployeeApplication for test class com.backend.employee.EmployeeApplicationTests
17:14:45.755 [main] INFO org.springframework.boot.devtools.restart.RestartApplicationListener -- Restart disabled due to context in which it is running

  .   ____          _            __ _ _
 /\\ / ___'_ __ _ _(_)_ __  __ _ \ \ \ \
( ( )\___ | '_ | '_| | '_ \/ _` | \ \ \ \
 \\/  ___)| |_)| | | | | || (_| |  ) ) ) )
  '  |____| .__|_| |_|_| |_\__, | / / / /
 =========|_|==============|___/=/_/_/_/

 :: Spring Boot ::                (v3.4.4)

2025-05-02T17:14:46.457+05:30  INFO 13380 --- [employee] [           main] c.b.employee.EmployeeApplicationTests    : Starting EmployeeApplicationTests using Java 17.0.14 with PID 13380 (started by us in C:\Date project Sprint 1\Employee-Module-Spring\employee)
2025-05-02T17:14:46.460+05:30  INFO 13380 --- [employee] [           main] c.b.employee.EmployeeApplicationTests    : No active profile set, falling back to 1 default profile: "default"
2025-05-02T17:14:48.836+05:30  INFO 13380 --- [employee] [           main] .s.d.r.c.RepositoryConfigurationDelegate : Bootstrapping Spring Data JPA repositories in DEFAULT mode.
2025-05-02T17:14:49.054+05:30  INFO 13380 --- [employee] [           main] .s.d.r.c.RepositoryConfigurationDelegate : Finished Spring Data repository scanning in 190 ms. Found 6 JPA repository interfaces.
2025-05-02T17:14:50.491+05:30  INFO 13380 --- [employee] [           main] o.hibernate.jpa.internal.util.LogHelper  : HHH000204: Processing PersistenceUnitInfo [name: default]
2025-05-02T17:14:50.619+05:30  INFO 13380 --- [employee] [           main] org.hibernate.Version                    : HHH000412: Hibernate ORM core version 6.6.11.Final
2025-05-02T17:14:50.694+05:30  INFO 13380 --- [employee] [           main] o.h.c.internal.RegionFactoryInitiator    : HHH000026: Second-level cache disabled
2025-05-02T17:14:51.783+05:30  INFO 13380 --- [employee] [           main] o.s.o.j.p.SpringPersistenceUnitInfo      : No LoadTimeWeaver setup: ignoring JPA class transformer
2025-05-02T17:14:51.976+05:30  INFO 13380 --- [employee] [           main] com.zaxxer.hikari.HikariDataSource       : HikariPool-1 - Starting...
2025-05-02T17:14:52.547+05:30  INFO 13380 --- [employee] [           main] com.zaxxer.hikari.pool.HikariPool        : HikariPool-1 - Added connection org.postgresql.jdbc.PgConnection@66d2885c
2025-05-02T17:14:52.563+05:30  INFO 13380 --- [employee] [           main] com.zaxxer.hikari.HikariDataSource       : HikariPool-1 - Start completed.
2025-05-02T17:14:52.637+05:30  WARN 13380 --- [employee] [           main] org.hibernate.orm.deprecation            : HHH90000025: PostgreSQLDialect does not need to be specified explicitly using 'hibernate.dialect' (remove the property setting and it will be selected by default)
2025-05-02T17:14:52.687+05:30  INFO 13380 --- [employee] [           main] org.hibernate.orm.connections.pooling    : HHH10001005: Database info:
	Database JDBC URL [Connecting through datasource 'HikariDataSource (HikariPool-1)']
	Database driver: undefined/unknown
	Database version: 17.4
	Autocommit mode: undefined/unknown
	Isolation level: undefined/unknown
	Minimum pool size: undefined/unknown
	Maximum pool size: undefined/unknown
2025-05-02T17:14:55.646+05:30  INFO 13380 --- [employee] [           main] o.h.e.t.j.p.i.JtaPlatformInitiator       : HHH000489: No JTA platform available (set 'hibernate.transaction.jta.platform' to enable JTA platform integration)
Hibernate: 
    set client_min_messages = WARNING
Hibernate: 
    alter table if exists documents 
       drop constraint if exists FKl8t4kh93dtp8uak3pvg5cqgr7
Hibernate: 
    alter table if exists employees 
       drop constraint if exists FKkvaekcr8qinc0oo3kxwxgtyt9
Hibernate: 
    alter table if exists employees 
       drop constraint if exists FKnvqiutleal5j2nw5nblweeaq
Hibernate: 
    alter table if exists employees 
       drop constraint if exists FK3qitshvaviht19cxs05jubmr7
Hibernate: 
    alter table if exists employees 
       drop constraint if exists FK69x3vjuy1t5p18a5llb8h2fjx
Hibernate: 
    drop table if exists addresses cascade
Hibernate: 
    drop table if exists bank_details cascade
Hibernate: 
    drop table if exists contacts cascade
Hibernate: 
    drop table if exists documents cascade
Hibernate: 
    drop table if exists employees cascade
Hibernate: 
    drop table if exists users cascade
Hibernate: 
    create table addresses (
        id bigint generated by default as identity,
        block varchar(255),
        country varchar(255),
        district varchar(255),
        state varchar(255),
        village varchar(255),
        zipcode varchar(255),
        primary key (id)
    )
Hibernate: 
    create table bank_details (
        id bigint generated by default as identity,
        account_number varchar(255),
        bank_name varchar(255),
        branch_name varchar(255),
        ifsc_code varchar(255),
        passbook_path varchar(255),
        primary key (id)
    )
Hibernate: 
    create table contacts (
        id bigint generated by default as identity,
        alt_number varchar(255),
        alt_number_type varchar(255),
        contact_number varchar(255),
        email varchar(255),
        father_name varchar(255),
        relation varchar(255),
        primary key (id)
    )
Hibernate: 
    create table documents (
        employee_id bigint,
        id bigint generated by default as identity,
        document_type varchar(255) not null check (document_type in ('VOTERCARD','AADHAR_NUMBER','PAN_NUMBER')),
        file_path varchar(255) not null,
        number varchar(255) not null,
        primary key (id)
    )
Hibernate: 
    create table employees (
        dob date,
        experience integer,
        address_id bigint unique,
        bank_detail_id bigint unique,
        contact_id bigint unique,
        user_id bigint not null,
        access_status varchar(255) check (access_status in ('ACTIVE','INACTIVE')),
        designation varchar(255) check (designation in ('MANAGER','EMPLOYEE')),
        education varchar(255),
        email varchar(255),
        first_name varchar(255),
        gender varchar(255) check (gender in ('MALE','FEMALE','OTHER')),
        last_name varchar(255),
        middle_name varchar(255),
        nationality varchar(255),
        password varchar(255),
        photo_path varchar(255),
        salutation varchar(255) check (salutation in ('MR','MRS','MS','DR')),
        primary key (user_id)
    )
Hibernate: 
    create table users (
        id bigint generated by default as identity,
        password varchar(255),
        role varchar(255) check (role in ('FARMER','EMPLOYEE','ADMIN')),
        user_name varchar(255) unique,
        primary key (id)
    )
Hibernate: 
    alter table if exists documents 
       add constraint FKl8t4kh93dtp8uak3pvg5cqgr7 
       foreign key (employee_id) 
       references employees
Hibernate: 
    alter table if exists employees 
       add constraint FKkvaekcr8qinc0oo3kxwxgtyt9 
       foreign key (address_id) 
       references addresses
Hibernate: 
    alter table if exists employees 
       add constraint FKnvqiutleal5j2nw5nblweeaq 
       foreign key (bank_detail_id) 
       references bank_details
Hibernate: 
    alter table if exists employees 
       add constraint FK3qitshvaviht19cxs05jubmr7 
       foreign key (contact_id) 
       references contacts
Hibernate: 
    alter table if exists employees 
       add constraint FK69x3vjuy1t5p18a5llb8h2fjx 
       foreign key (user_id) 
       references users
2025-05-02T17:14:55.792+05:30  INFO 13380 --- [employee] [           main] j.LocalContainerEntityManagerFactoryBean : Initialized JPA EntityManagerFactory for persistence unit 'default'
2025-05-02T17:14:57.010+05:30  INFO 13380 --- [employee] [           main] eAuthenticationProviderManagerConfigurer : Global AuthenticationManager configured with AuthenticationProvider bean with name authProvider
2025-05-02T17:14:57.010+05:30  WARN 13380 --- [employee] [           main] r$InitializeUserDetailsManagerConfigurer : Global AuthenticationManager configured with an AuthenticationProvider bean. UserDetailsService beans will not be used by Spring Security for automatically configuring username/password login. Consider removing the AuthenticationProvider bean. Alternatively, consider using the UserDetailsService in a manually instantiated DaoAuthenticationProvider. If the current configuration is intentional, to turn off this warning, increase the logging level of 'org.springframework.security.config.annotation.authentication.configuration.InitializeUserDetailsBeanManagerConfigurer' to ERROR
2025-05-02T17:14:58.210+05:30  INFO 13380 --- [employee] [           main] c.b.employee.EmployeeApplicationTests    : Started EmployeeApplicationTests in 12.494 seconds (process running for 15.073)
]]></system-out>
  </testcase>
</testsuite>